 
 This GEMPACK log file was created at 14:20:05 on 02-AUG-2018 by the program
  <chkmod.for 02-AUG-2018 (a TABLO-generated program)>
 which accesses some of the routines in the GEMPACK software release
  <GEMPACK Release 11.4.004   October 2016>
 
 
 <chkmod.for 02-AUG-2018 (a TABLO-generated program)>
   This program accesses some of the routines in the GEMPACK software release
 <GEMPACK Release 11.4.004   October 2016>
 
 Licence file: C:\GP\licen.gem
 
     -------------------------------------------------------
    !            GEMPACK Software System Licence            !
    !  Source Code Licence for the GEMPACK Software System  !
    !                 Licence No.  GFM-1529                 !
    !          Licence for Release 11.4 of GEMPACK          !
    !       National Institute for Health and Welfare       !
    !    (Your GEMPACK licence expires on 30-NOV-2018.)     !
     -------------------------------------------------------
 
 
     << COPYRIGHT 1987-2016: CoPS/Impact and KPSOFT >>
 
  Current directory is: C:\Users\jllg\FINAGE_database_notebook\GITVERSION\TERM
 
 
  Full path name of running EXE is:
 C:\Users\jllg\FINAGE_database_notebook\GITVERSION\TERM\chkmod.exe
  Fortran compiler = GF64  4.8.1 (rev3, built by mingw-builds project):
  OPENMP number of threads: 4
  Operating system is Windows 7
 
 
  ++++++++++++++++++++++++++++++++++++++++++++++++++++++++++++
 
 
                    TABLO-GENERATED PROGRAM OPTIONS
               ( --> indicates those in effect )
 
       BAT Run in batch              STI Take inputs from a Stored-input file
       BPR Brief prompts             SIF Store inputs on a file
       LOG Output to log file        ASI Add to incomplete Stored-input file
                                     CMF Take inputs from a Command file
       EAA Echo all activity           SVX Select variables on XAC file (later)
   --> CPU Report CPU times            RQF Required figures agreement (extrap)
       NRP Don't reuse pivots        NIR Don't do solution iterative refinement
                                 --> IZ1 Ignore zero coefficients in step 1
                                     KZ2 Keep zero coefficients in steps 2,3 etc
       NEQ Do no equations           NWE Don't warn how well equations solved
       NDS Do no displays            SSI Several subintervals; extrap after each
       NWR Do no writes              M28 Use MA28 routines (rather than MA48)
       NAS Do no assertions          SUI Save updated formula(initial) data
       NUD Do no final updates              Extra Options Screen
       NSM Don't do simulation              --------------------
       NWT Use Newton's method      DTO Display, Terminal/Text write Options
       CR  Check-on-read options
 
  Select an option   :  <opt>      Deselect an option      : -<opt>
  Help for an option : ?<opt>      Help on all options     : ??
  Redisplay options  : /           Finish option selection : Carriage return
 
 (Opened, as text, existing file 'chkmdA.cmf'.)
  (Taking inputs from a command file.)
 (Opened, as text, existing file 'chkmdA.cmf'.)
 
  !  (There is no CREATION information on this file.)
 
 
  --> Reading the Command file.
 
 auxiliary files = chkmod;
 File     INFILE = premod.HAR;
 File     SETS   = ORGSETS.HAR;
 File     DIAG   = dgchkmdA.HAR;
 !File NEWSETS = BIGSETS.HAR;
 log file        = yes ;
 check-on-read all = no ;
 
 
 
  (Finished reading the command file.)
 
  Auxiliary Statement File
  ------------------------
 (Opened, as binary, existing file
   'C:\Users\jllg\FINAGE_database_notebook\GITVERSION\TERM\chkmod.axs'.)
 
  Auxiliary Table File
  --------------------
 (Opened, as binary, existing file
   'C:\Users\jllg\FINAGE_database_notebook\GITVERSION\TERM\chkmod.axt'.)
 
  !  This file was created at 12:52:27 on 02-AUG-2018 by the program
  !    <TABLO  Version 6.5   January 2016>
  !  which accesses some of the routines in the GEMPACK software release
  !    <GEMPACK Release 11.4.004   October 2016>
  !  [The program which created this file was compiled with GF64.]
 
 [Auxiliary Table File was created by TABLO at 12:52:27 on 02-AUG-2018.]
 [TABLO file used here is "chkmod.tab".]
 [No TABLO STI file used when TABLO was run.]
 
  (Writing output to log file, and also to the terminal.)
 (Opened new text file 'chkmdA.log'.)
 [This TG-program was created by TABLO at 12:52:27 on 02-AUG-2018.]
  
  [Starting to check "extra" statements on the Command file.]
  
  
  [Finished checking "extra" statements on the Command file.]
  
  
 ++++++++++++++++++++++++++++++++++++++++++++++++++
  This program was written by the GEMPACK program TABLO
  as described in the Information file
  'chkmod.inf'
  
  This run of the TABLO-generated program
      o can carry out 32 WRITEs
      o can check 7 ASSERTIONs
  
 ++++++++++++++++++++++++++++++++++++++++++++++++++
 (Range test of initial values will produce warnings.)
  
  (Data file with logical name 'INFILE')
 (Opened, as header, existing file 'premod.HAR'.)
  
  !  This file was created at 14:20:05 on 02-AUG-2018 by the program
  !    <premod.for 02-AUG-2018> [premod.tab]
  !  which accesses some of the routines in the GEMPACK software release
  !    <GEMPACK Release 11.4.004   October 2016>
  !  [The program which created this file was compiled with GF64.]
  
  
  (Data file with logical name 'SETS')
 (Opened, as header, existing file 'ORGSETS.HAR'.)
  
  !  This file was created at 14:20:05 on 02-AUG-2018 by the program
  !    <premod.for 02-AUG-2018> [premod.tab]
  !  which accesses some of the routines in the GEMPACK software release
  !    <GEMPACK Release 11.4.004   October 2016>
  !  [The program which created this file was compiled with GF64.]
  
  
  (Data file with logical name 'DIAG')
  
   (Existing file 'dgchkmdA.HAR' has been deleted.)
 (Opened new header file 'dgchkmdA.HAR'.)
  
  --->  Beginning the preliminary pass (aimed at sets and subsets).
 Set 'COM'
 (Opened, as header, existing file 'ORGSETS.HAR'.)
   (30 character strings, each of length 12 read. Header 'COM ')
   [Set has size 30.]
 Set 'MAR'
   (2 character strings, each of length 12 read. Header 'MAR ')
   [Set has size 2.]
 Set 'IND'
   (30 character strings, each of length 12 read. Header 'IND ')
   [Set has size 30.]
 Set 'OCC'
   (59 character strings, each of length 12 read. Header 'OCC ')
   [Set has size 59.]
 Set 'DST'
   (19 character strings, each of length 12 read. Header 'REGD')
   [Set has size 19.]
 Set 'ORG'
   (19 character strings, each of length 12 read. Header 'REGS')
   [Set has size 19.]
 Set 'PRD'
   (19 character strings, each of length 12 read. Header 'REGP')
   [Set has size 19.]
 'MAR' as a subset of 'COM'
 Set 'NONMAR'
   [Set has size 28.]
 'NONMAR' as a subset of 'COM'
 Set 'SRC'
   [Set has size 2.]
 Set 'FINDEM'
   [Set has size 4.]
 Set 'USR'
   [Set has size 34.]
 'IND' as a subset of 'USR'
 'FINDEM' as a subset of 'USR'
 Set 'REG'
   [Set has size 19.]
 'REG' as a subset of 'DST'
 'REG' as a subset of 'ORG'
 'REG' as a subset of 'PRD'
 Set 'INT'
   [Set has size 1.]
 Set 'MAINUSR'
   [Set has size 5.]
 'INT' as a subset of 'MAINUSR'
 'FINDEM' as a subset of 'MAINUSR'
  Formula for 'AGGUSR'
  Formula for 'AGGUSR'
 Set 'S@Hou'
   [Set has size 1.]
 'S@Hou' as a subset of 'USR'
 Set 'S@Inv'
   [Set has size 1.]
 'S@Inv' as a subset of 'USR'
 Set 'CONSTRAINTS'
   [Set has size 5.]
 Set 'COSTCAT'
   [Set has size 7.]
 Set 'SMSET'
   [Set has size 3.]
 Set 'GDPINC'
   [Set has size 5.]
 Set 'GDPEXP'
   [Set has size 9.]
 'FINDEM' as a subset of 'GDPEXP'
 Set 'GDPCMP'
   [Set has size 3.]
 Set 'TRADCAT'
   [Set has size 6.]
 Set 'BASIC'
   [Set has size 1.]
 Set 'DELVBITS'
   [Set has size 3.]
 'BASIC' as a subset of 'DELVBITS'
 'MAR' as a subset of 'DELVBITS'
 [CPU for reads, formulas etc is 0.0000000 seconds.]
 Elapsed time for reads, formulas etc is: less than one second.
  
  Total memory currently used for all arrays is approximately 2.19 megabytes.
  [Add about 5-10 megabytes for the memory used by the code.]
  
  --->  Beginning the reads, formulas (etc).
  Formula for 'AGGUSR'
  Formula for 'AGGUSR'
 (Opened, as header, existing file 'premod.HAR'.)
 Reading 'MAKE'
 (Read real array, size 30x30x19, header "MAKE".)
 Reading 'USE'
 (Read real array, size 30x2x34x19, header "BSMR".)
 Reading 'TAX'
 (Read real array, size 30x2x34x19, header "UTAX".)
 Reading 'TRADE'
 (Read real array, size 30x2x19x19, header "TRAD".)
 Reading 'SUPPMAR'
 (Read real array, size 2x19x19x19, header "MARS".)
 Reading 'TRADMAR'
 (Read real array, size 30x2x2x19x19, header "TMAR".)
 Reading 'INVEST'
 (Read real array, size 30x30x19, header "2PUR".)
 Reading 'STOCKS'
 (Read real array, size 30x19, header "STOK".)
 Reading 'VLAB'
 (Read real array, size 30x59x19, header "1LAB".)
 Reading 'VCAP'
 (Read real array, size 30x19, header "1CAP".)
 Reading 'VLND'
 (Read real array, size 30x19, header "1LND".)
 Reading 'PRODTAX'
 (Read real array, size 30x19, header "1PTX".)
  Formula for 'VLAB_O'
  Formula for 'VPRIM'
  Formula for 'PUR'
  Formula for 'PUR_S'
  Formula for 'V3PUR_S'
  Formula for 'MAINUPUR'
  Formula for 'VTOT'
  Formula for 'MAKE_C'
  Formula for 'DIFFIND'
  Formula for 'USE_U'
  Formula for 'DELIVRD'
  Formula for 'DELIVRD_R'
  Formula for 'TRADE_D'
  Formula for 'TRADMAR_CS'
  Formula for 'SUPPMAR_P'
  Formula for 'SUPPMAR_D'
  Formula for 'SUPPMAR_RD'
  Formula for 'INVEST_I'
  Formula for 'INVEST_C'
  Formula for 'MAKE_I'
  Formula for 'MAKE_I'
  Formula for 'IMPORT'
  Formula for 'NATIMP'
 (Opened, for writing, header file 'dgchkmdA.HAR'.)
 Writing 'MAINUPUR'
 (Written real array, size 30x2x5x19, header "MPUR".)
 Writing 'PUR'
 (Written real array, size 30x2x34x19, header "UPUR".)
 Writing 'VTOT'
 (Written real array, size 30x19, header "COST".)
 Writing 'MAKE_C'
 (Written real array, size 30x19, header "MAKC".)
 Writing 'DIFFIND'
 (Written real array, size 30x19, header "DIND".)
 Writing 'NATIMP'
 (Written real array, size 30, header "NTMP".)
 Writing 'INVEST_C'
 (Written real array, size 30x19, header "NDNV".)
 Writing 'USE_U'
 (Written real array, size 30x2x19, header "USEU".)
 Writing 'DELIVRD_R'
 (Written real array, size 30x2x19, header "DVDR".)
  Formula for 'CHECKA'
  Formula for 'CKRATA'
 Writing 'CHECKA'
 (Written real array, size 30x19, header "CHKA".)
 Writing 'CKRATA'
 (Written real array, size 30x19, header "CKRA".)
  Formula for 'CHECKB'
  Formula for 'CKRATB'
  (Number of ZERO DIVIDED BY ZERO operations was 76.)
    ( Default value used was 1.0000000. )
 Writing 'CHECKB'
 (Written real array, size 30x2x19, header "CHKB".)
 Writing 'CKRATB'
 (Written real array, size 30x2x19, header "CKRB".)
  Formula for 'DEMANDS'
  Formula for 'DEMANDS'
  Formula for 'CHECKC'
  Formula for 'CKRATC'
 Writing 'CHECKC'
 (Written real array, size 30x19, header "CHKC".)
 Writing 'CKRATC'
 (Written real array, size 30x19, header "CKRC".)
 Writing 'MAKE_I'
 (Written real array, size 30x19, header "MAKI".)
 Writing 'DEMANDS'
 (Written real array, size 30x19, header "DMDS".)
  Formula for 'CHECKD'
  Formula for 'CKRATD'
 Writing 'CHECKD'
 (Written real array, size 2x19x19, header "CHKD".)
 Writing 'CKRATD'
 (Written real array, size 2x19x19, header "CKRD".)
  Formula for 'CHECKE'
  Formula for 'CKRATE'
  (Number of ZERO DIVIDED BY ZERO operations was 285.)
    ( Default value used was 1.0000000. )
 Writing 'CHECKE'
 (Written real array, size 30x19, header "CHKE".)
 Writing 'CKRATE'
 (Written real array, size 30x19, header "CKRE".)
  Formula for 'SUMABS'
  Formula for 'SUMABS'
  Formula for 'SUMABS'
  Formula for 'SUMABS'
  Formula for 'SUMABS'
 Writing 'SUMABS'
 (Written real array, size 5, header "SMAB".)
 Reading 'EPS'
 (Read real array, size 30x19, header "XPEL".)
  Formula for 'V3TOT'
  Formula for 'EPSTOT'
 Writing 'EPSTOT'
 (Written real array, size 19, header "ETOT".)
  Formula for 'COSTMAT'
  Formula for 'COSTMAT'
  Formula for 'COSTMAT'
  Formula for 'COSTMAT'
  Formula for 'COSTMAT'
  Formula for 'COSTMAT'
  Formula for 'COSTMAT'
  Formula for 'COSTMAT'
 Writing 'COSTMAT'
 (Written real array, size 30x7x19, header "CSTM".)
  Formula for 'AGGUSE'
  Formula for 'AGGUSE_U'
  Formula for 'USHR'
  (Number of ZERO DIVIDED BY ZERO operations was 380.)
    ( Default value used was 0.0000000. )
  Formula for 'BIGSALES'
 Writing 'BIGSALES'
 (Written real array, size 30x2x19x19x5, header "BSAL".)
  Formula for 'SMSUM'
  Formula for 'SMSUM'
  Formula for 'SMSUM'
 Writing 'SMSUM'
 (Written real array, size 19x3x2, header "MRSM".)
  Assertion "Check TRADMAR=0 where TRADE=0"
  Formula for 'GDPINCSUM'
  Formula for 'GDPINCSUM'
  Formula for 'GDPINCSUM'
  Formula for 'GDPINCSUM'
  Formula for 'GDPINCSUM'
  Formula for 'GDPINCSUM'
 Writing 'GDPINCSUM'
 (Written real array, size 19x5, header "GNSM".)
  Formula for 'GDPEXPSUM'
  Formula for 'GDPEXPSUM'
  Formula for 'GDPEXPSUM'
  Formula for 'GDPEXPSUM'
  Formula for 'GDPEXPSUM'
  Formula for 'GDPEXPSUM'
  Formula for 'GDPEXPSUM'
 Writing 'GDPEXPSUM'
 (Written real array, size 19x9, header "GESM".)
  Formula for 'GDPSUM'
  Formula for 'GDPSUM'
  Formula for 'GDPSUM'
  Formula for 'GDPSUM'
 Writing 'GDPSUM'
 (Written real array, size 19x3, header "GDSM".)
  Formula for 'TRADSUM'
  Formula for 'TRADSUM'
  Formula for 'TRADSUM'
  Formula for 'TRADSUM'
  Formula for 'TRADSUM'
  Formula for 'TRADSUM'
  Formula for 'TRADSUM'
 Writing 'TRADSUM'
 (Written real array, size 30x2x19x6, header "TDSM".)
  Formula for 'DELVBIT'
  Formula for 'DELVBIT'
  Formula for 'DELVBIT'
 Writing 'DELVBIT'
 (Written real array, size 30x2x3x19x19, header "DLVB".)
  Formula for 'STRANGETAX'
  Formula for 'STRANGETAX'
 Writing 'STRANGETAX'
 (Written real array, size 30x2x34x19, header "STAX".)
  Assertion "No commodity taxes on zero flows"
  Formula for 'TOL3'
  Assertion "RATA near 1"
  Assertion "RATB near 1"
  Assertion "RATC near 1"
  Assertion "RATD near 1"
  Assertion "RATE near 1"
 [CPU for reads, formulas etc is 3.11999992E-02 seconds.]
 Elapsed time for reads, formulas etc is: less than one second.
 [CPU for all of this 0-step calculation is 3.11999992E-02 seconds.]
 Elapsed time for all this 0-step calculation is: less than one second.
  [Total CPU is 3.11999992E-02 seconds.]
  
  (Inputs have been taken from the Command file
  'C:\Users\jllg\FINAGE_database_notebook\GITVERSION\TERM\chkmdA.cmf')
  
  (The program has completed without error.)
  Total elapsed time is:  1 seconds.
  
  
  This run ended at 14:20:06 on 02-AUG-2018
