 
 This GEMPACK log file was created at 14:42:25 on 22-AUG-2018 by the program
  <init.for 02-AUG-2018 (a TABLO-generated program)>
 which accesses some of the routines in the GEMPACK software release
  <GEMPACK Release 11.4.004   October 2016>
 
 
 <init.for 02-AUG-2018 (a TABLO-generated program)>
   This program accesses some of the routines in the GEMPACK software release
 <GEMPACK Release 11.4.004   October 2016>
 
 Licence file: C:\GP\licen.gem
 
     -------------------------------------------------------
    !            GEMPACK Software System Licence            !
    !  Source Code Licence for the GEMPACK Software System  !
    !                 Licence No.  GFM-1529                 !
    !          Licence for Release 11.4 of GEMPACK          !
    !       National Institute for Health and Welfare       !
    !    (Your GEMPACK licence expires on 30-NOV-2018.)     !
     -------------------------------------------------------
 
 
     << COPYRIGHT 1987-2016: CoPS/Impact and KPSOFT >>
 
  Current directory is: C:\Users\jllg\FINAGE_database_notebook\FINAL\TERM
 
 
  Full path name of running EXE is:
 C:\Users\jllg\FINAGE_database_notebook\FINAL\TERM\init.exe
  Fortran compiler = GF64  4.8.1 (rev3, built by mingw-builds project):
  OPENMP number of threads: 4
  Operating system is Windows 7
 
 
  ++++++++++++++++++++++++++++++++++++++++++++++++++++++++++++
 
 
                    TABLO-GENERATED PROGRAM OPTIONS
               ( --> indicates those in effect )
 
       BAT Run in batch              STI Take inputs from a Stored-input file
       BPR Brief prompts             SIF Store inputs on a file
       LOG Output to log file        ASI Add to incomplete Stored-input file
                                     CMF Take inputs from a Command file
       EAA Echo all activity           SVX Select variables on XAC file (later)
   --> CPU Report CPU times            RQF Required figures agreement (extrap)
       NRP Don't reuse pivots        NIR Don't do solution iterative refinement
                                 --> IZ1 Ignore zero coefficients in step 1
                                     KZ2 Keep zero coefficients in steps 2,3 etc
       NEQ Do no equations           NWE Don't warn how well equations solved
       NDS Do no displays            SSI Several subintervals; extrap after each
       NWR Do no writes              M28 Use MA28 routines (rather than MA48)
       NAS Do no assertions          SUI Save updated formula(initial) data
       NUD Do no final updates              Extra Options Screen
       NSM Don't do simulation              --------------------
       NWT Use Newton's method      DTO Display, Terminal/Text write Options
       CR  Check-on-read options
 
  Select an option   :  <opt>      Deselect an option      : -<opt>
  Help for an option : ?<opt>      Help on all options     : ??
  Redisplay options  : /           Finish option selection : Carriage return
 
 (Opened, as text, existing file 'init.cmf'.)
  (Taking inputs from a command file.)
 (Opened, as text, existing file 'init.cmf'.)
 
  !  (There is no CREATION information on this file.)
 
 
  --> Reading the Command file.
 
 Auxiliary files =init;
 check-on-read all = warn;
 assertions = yes; ! temp only
 log file = yes;
 ! input files
 File Infile = baseDataNEW.har;  ! ORANIG03 input data with ORES regional shares
 ! output files
 File Outfile = init.har;     ! reformatted national database
 File DumSupp = dumsupp.har;  ! dummy example file of needed extra regional data
 File DIAG    = dginit.har;   ! diagnostic output
 File SECAGG  = dumsec.agg;   ! dummy sector aggregation instructions
 File REGAGG  = dumreg.agg;   ! dummy region aggregation instructions
 
 
  (Finished reading the command file.)
 
  Auxiliary Statement File
  ------------------------
 (Opened, as binary, existing file
   'C:\Users\jllg\FINAGE_database_notebook\FINAL\TERM\init.axs'.)
 
  Auxiliary Table File
  --------------------
 (Opened, as binary, existing file
   'C:\Users\jllg\FINAGE_database_notebook\FINAL\TERM\init.axt'.)
 
  !  This file was created at 12:50:39 on 02-AUG-2018 by the program
  !    <TABLO  Version 6.5   January 2016>
  !  which accesses some of the routines in the GEMPACK software release
  !    <GEMPACK Release 11.4.004   October 2016>
  !  [The program which created this file was compiled with GF64.]
 
 [Auxiliary Table File was created by TABLO at 12:50:39 on 02-AUG-2018.]
 [TABLO file used here is "init.tab".]
 [No TABLO STI file used when TABLO was run.]
 
  (Writing output to log file, and also to the terminal.)
 (Opened new text file 'init.log'.)
 (Assertion failures will be treated as fatal.)
 [This TG-program was created by TABLO at 12:50:39 on 02-AUG-2018.]
  
  [Starting to check "extra" statements on the Command file.]
  
  
  [Finished checking "extra" statements on the Command file.]
  
  
 ++++++++++++++++++++++++++++++++++++++++++++++++++
  This program was written by the GEMPACK program TABLO
  as described in the Information file
  'init.inf'
  
  This run of the TABLO-generated program
      o can carry out 111 WRITEs
      o can check 48 ASSERTIONs
      o can carry out 5 TRANSFERs
  
 ++++++++++++++++++++++++++++++++++++++++++++++++++
 (Range test of initial values will produce warnings.)
  
  (Data file with logical name 'INFILE')
 (Opened, as header, existing file 'baseDataNEW.har'.)
  
  !  This file was created at 22.8.2018 by the program
  !    MergeHAR
  !  which accesses some of the routines in the GEMPACK software release
  !    HARFILE.PAS 2/Mar/2016
  !  [The program which created this file was compiled with DELPHI.]
  
  
  (Data file with logical name 'OUTFILE')
 (Opened new header file 'init.har'.)
  
  (Data file with logical name 'DIAG')
 (Opened new header file 'dginit.har'.)
  
  (Data file with logical name 'DUMSUPP')
 (Opened new header file 'dumsupp.har'.)
  
  (Data file with logical name 'SECAGG')
 (Opened new header file 'dumsec.agg'.)
  
  (Data file with logical name 'REGAGG')
 (Opened new header file 'dumreg.agg'.)
  
  --->  Beginning the preliminary pass (aimed at sets and subsets).
 Set 'REG'
 (Opened, as header, existing file 'baseDataNEW.har'.)
   (19 character strings, each of length 12 read. Header 'REG ')
   [Set has size 19.]
 Set 'COM'
   (30 character strings, each of length 7 read. Header 'COM ')
   [Set has size 30.]
 Set 'MAR'
   (2 character strings, each of length 7 read. Header 'MAR ')
   [Set has size 2.]
 Set 'IND'
   (30 character strings, each of length 7 read. Header 'IND ')
   [Set has size 30.]
 Set 'OCC'
   (59 character strings, each of length 7 read. Header 'OCC ')
   [Set has size 59.]
 Set 'SRC'
   [Set has size 2.]
 Set 'ORG'
   [Set has size 19.]
 'REG' as a subset of 'ORG'
 'ORG' as a subset of 'REG'
 'MAR' as a subset of 'COM'
 Set 'NONMAR'
   [Set has size 28.]
 'NONMAR' as a subset of 'COM'
  Formula for 'NREG'
  Formula for 'NCOM'
  Formula for 'NIND'
  Formula for 'NMAR'
 Reading 'V1BAS'
 (Read real array, size 30x2x30, header "1BAS".)
 Reading 'V2BAS'
 (Read real array, size 30x2x30, header "2BAS".)
 Reading 'V3BAS'
 (Read real array, size 30x2, header "3BAS".)
 Reading 'V4BAS'
 (Read real array, size 30, header "4BAS".)
 Reading 'V5BAS'
 (Read real array, size 30x2, header "5BAS".)
 Reading 'V6BAS'
 (Read real array, size 30x2, header "6BAS".)
 Reading 'V1MAR'
 (Read real array, size 30x2x30x2, header "1MAR".)
 Reading 'V2MAR'
 (Read real array, size 30x2x30x2, header "2MAR".)
 Reading 'V3MAR'
 (Read real array, size 30x2x2, header "3MAR".)
 Reading 'V4MAR'
 (Read real array, size 30x2, header "4MAR".)
 Reading 'V5MAR'
 (Read real array, size 30x2x2, header "5MAR".)
 Reading 'MAKE'
 (Read real array, size 30x30, header "MAKE".)
 Reading 'ISINDIVEXP'
 (Read real array, size 30, header "ITEX".)
 Reading 'ISLOCCOM'
 (Read real array, size 30, header "LCOM".)
 Reading 'R001'
 (Read real array, size 30x19, header "R001".)
 Reading 'R002'
 (Read real array, size 30x19, header "R002".)
 Reading 'R003'
 (Read real array, size 30x19, header "R003".)
 Reading 'R004'
 (Read real array, size 30x19, header "R004".)
 Reading 'R005'
 (Read real array, size 30x19, header "R005".)
 Reading 'R006'
 (Read real array, size 30x19, header "R006".)
  Assertion "V1BAS >=0"
  Assertion "V2BAS >=0"
  Assertion "V3BAS >=0"
  Assertion "V4BAS >=0"
  Assertion "V5BAS >=0"
  Assertion "V1MAR >=0"
  Assertion "V2MAR >=0"
  Assertion "V3MAR >=0"
  Assertion "V4MAR >=0"
  Assertion "V5MAR >=0"
  Assertion "MAKE >=0"
  Assertion "IsIndivExp >=0"
  Assertion "IsLocCom >=0"
  Assertion "R001 >=0"
  Assertion "R002 >=0"
  Assertion "R003 >=0"
  Assertion "R004 >=0"
  Assertion "R005 >=0"
  Assertion "R006 >=0"
  Assertion "R001 <=1"
  Assertion "R002 <=1"
  Assertion "R003 <=1"
  Assertion "R004 <=1"
  Assertion "R005 <=1"
  Assertion "R006 <=1"
  Formula for 'TINY'
  Formula for 'TINY'
  Formula for 'TINY'
  Formula for set 'TRADEXP'
 Set 'TRADEXP'
   [Set has size 25.]
 'TRADEXP' as a subset of 'COM'
 Set 'NTRADEXP'
   [Set has size 5.]
 'NTRADEXP' as a subset of 'COM'
 Set 'DEST'
   [Set has size 7.]
 Set 'LOCUSER'
   [Set has size 6.]
 'LOCUSER' as a subset of 'DEST'
 Set 'DESTPLUS'
   [Set has size 8.]
 'DEST' as a subset of 'DESTPLUS'
 Set 'EXPMAC'
   [Set has size 6.]
 Set 'INCMAC'
   [Set has size 4.]
 Set 'TAXMAC'
   [Set has size 8.]
 Set 'COSTCAT'
   [Set has size 9.]
 Set 'SALECAT2'
   [Set has size 6.]
 Set 'FLOWTYPE'
   [Set has size 3.]
 Set 'FAC'
   [Set has size 3.]
  Formula for set 'LOCCOM'
 Set 'LOCCOM'
   [Set has size 0.]
 'LOCCOM' as a subset of 'COM'
 Set 'NATCOM'
   [Set has size 30.]
 'NATCOM' as a subset of 'COM'
  Formula for set 'LOCIND'
 Set 'LOCIND'
   [Set has size 0.]
 'LOCIND' as a subset of 'IND'
  Assertion "Sum-over-REG R001 = 1"
  Assertion "Sum-over-REG R002 = 1"
  Assertion "Sum-over-REG R003 = 1"
  Assertion "Sum-over-REG R004 = 1"
  Assertion "Sum-over-REG R005 = 1"
  Assertion "Sum-over-REG R006 = 1"
  Formula for 'TOTSUPREG'
  Formula for 'TOTDEMREG'
  Formula for 'TOTDEMREG'
  Formula for 'DEMRATIO'
  Formula for 'DEMRATIO'
  Formula for set 'DMAR'
 Set 'DMAR'
   [Set has size 1.]
 'DMAR' as a subset of 'MAR'
  Formula for 'XX'
  Formula for set 'SELFSUFFIC'
 Set 'SELFSUFFIC'
   [Set has size 0.]
 'SELFSUFFIC' as a subset of 'COM'
 Set 'RLOC'
   [Set has size 0.]
 'RLOC' as a subset of 'LOCCOM'
 'RLOC' as a subset of 'SELFSUFFIC'
 Set 'AGGREG'
   [Set has size 19.]
 'REG' as a subset of 'AGGREG'
 'AGGREG' as a subset of 'REG'
  Formula for 'MAPREG'
 Set 'AGGCOM'
   [Set has size 10.]
  Formula for 'MPC'
  Formula for 'MAPCOM'
 Set 'AGGIND'
   [Set has size 10.]
  Formula for 'MPI'
  Formula for 'MAPIND'
 [CPU for reads, formulas etc is 0.0000000 seconds.]
 Elapsed time for reads, formulas etc is: less than one second.
  
  Total memory currently used for all arrays is approximately 0.18 megabytes.
  [Add about 5-10 megabytes for the memory used by the code.]
  
  --->  Beginning the reads, formulas (etc).
 Transferring "REG" from file 'INFILE' to file 'OUTFILE'
 (Opened, as header, existing file 'baseDataNEW.har'.)
 (Opened, for writing, header file 'init.har'.)
   (19 character strings, each of length 12 written. Header 'REG ')
 (Opened, for writing, header file 'init.har'.)
 Transferring "COM" from file 'INFILE' to file 'OUTFILE'
   (30 character strings, each of length 7 written. Header 'COM ')
 (Opened, for writing, header file 'init.har'.)
 Transferring "MAR" from file 'INFILE' to file 'OUTFILE'
   (2 character strings, each of length 7 written. Header 'MAR ')
 (Opened, for writing, header file 'init.har'.)
 Transferring "IND" from file 'INFILE' to file 'OUTFILE'
   (30 character strings, each of length 7 written. Header 'IND ')
 (Opened, for writing, header file 'init.har'.)
 Transferring "OCC" from file 'INFILE' to file 'OUTFILE'
   (59 character strings, each of length 7 written. Header 'OCC ')
 (Opened, for writing, header file 'init.har'.)
  Formula for 'NCOM'
  Formula for 'NIND'
 Reading 'V1BAS'
 (Read real array, size 30x2x30, header "1BAS".)
 Reading 'V2BAS'
 (Read real array, size 30x2x30, header "2BAS".)
 Reading 'V3BAS'
 (Read real array, size 30x2, header "3BAS".)
 Reading 'V4BAS'
 (Read real array, size 30, header "4BAS".)
 Reading 'V5BAS'
 (Read real array, size 30x2, header "5BAS".)
 Reading 'V6BAS'
 (Read real array, size 30x2, header "6BAS".)
 Reading 'V1MAR'
 (Read real array, size 30x2x30x2, header "1MAR".)
 Reading 'V2MAR'
 (Read real array, size 30x2x30x2, header "2MAR".)
 Reading 'V3MAR'
 (Read real array, size 30x2x2, header "3MAR".)
 Reading 'V4MAR'
 (Read real array, size 30x2, header "4MAR".)
 Reading 'V5MAR'
 (Read real array, size 30x2x2, header "5MAR".)
 Reading 'V1TAX'
 (Read real array, size 30x2x30, header "1TAX".)
 Reading 'V2TAX'
 (Read real array, size 30x2x30, header "2TAX".)
 Reading 'V3TAX'
 (Read real array, size 30x2, header "3TAX".)
 Reading 'V4TAX'
 (Read real array, size 30, header "4TAX".)
 Reading 'V5TAX'
 (Read real array, size 30x2, header "5TAX".)
 Reading 'V1CAP'
 (Read real array, size 30, header "1CAP".)
 (%%WARNING. Coefficient info mismatch reading from header '1CAP')
   [See Section 22.4 of the GEMPACK Manual, "Checking set and element
    information when reading data".][TopicID:gpd3.4.4]
 Reading 'V1LAB'
 (Read real array, size 30x59, header "1LAB".)
 Reading 'V1LND'
 (Read real array, size 30, header "1LND".)
 Reading 'V1PTX'
 (Read real array, size 30, header "1PTX".)
 Reading 'V1OCT'
 (Read real array, size 30, header "1OCT".)
 (%%WARNING. Coefficient info mismatch reading from header '1OCT')
   [See Section 22.4 of the GEMPACK Manual, "Checking set and element
    information when reading data".][TopicID:gpd3.4.4]
 Reading 'MAKE'
 (Read real array, size 30x30, header "MAKE".)
 Reading 'V0TAR'
 (Read real array, size 30, header "0TAR".)
 Reading 'SIGMA1LAB'
 (Read real array, size 30, header "SLAB".)
 Reading 'SIGMA1PRIM'
 (Read real array, size 30, header "P028".)
 Reading 'SIGMA1'
 (Read real array, size 30, header "1ARM".)
 Reading 'SIGMA1OUT'
 (Read real array, size 30, header "SCET".)
 Reading 'SIGMA2'
 (Read real array, size 30, header "2ARM".)
 Reading 'SIGMA3'
 (Read real array, size 30, header "3ARM".)
 Reading 'FRISCH'
 (Read real array, size 1, header "P021".)
 Reading 'EPS'
 (Read real array, size 30, header "XPEL".)
 Reading 'EXP_ELAST'
 (Read real array, size 30, header "P018".)
 Reading 'EXP_ELAST_NT'
 (Read real array, size 1, header "EXNT".)
 Reading 'ISINDIVEXP'
 (Read real array, size 30, header "ITEX".)
 Reading 'ISLOCCOM'
 (Read real array, size 30, header "LCOM".)
 Reading 'R001'
 (Read real array, size 30x19, header "R001".)
 (%%WARNING. Coefficient info mismatch reading from header 'R001')
   [See Section 22.4 of the GEMPACK Manual, "Checking set and element
    information when reading data".][TopicID:gpd3.4.4]
 Reading 'R002'
 (Read real array, size 30x19, header "R002".)
 (%%WARNING. Coefficient info mismatch reading from header 'R002')
   [See Section 22.4 of the GEMPACK Manual, "Checking set and element
    information when reading data".][TopicID:gpd3.4.4]
 Reading 'R003'
 (Read real array, size 30x19, header "R003".)
 (%%WARNING. Coefficient info mismatch reading from header 'R003')
   [See Section 22.4 of the GEMPACK Manual, "Checking set and element
    information when reading data".][TopicID:gpd3.4.4]
 Reading 'R004'
 (Read real array, size 30x19, header "R004".)
 (%%WARNING. Coefficient info mismatch reading from header 'R004')
   [See Section 22.4 of the GEMPACK Manual, "Checking set and element
    information when reading data".][TopicID:gpd3.4.4]
 Reading 'R005'
 (Read real array, size 30x19, header "R005".)
 (%%WARNING. Coefficient info mismatch reading from header 'R005')
   [See Section 22.4 of the GEMPACK Manual, "Checking set and element
    information when reading data".][TopicID:gpd3.4.4]
 Reading 'R006'
 (Read real array, size 30x19, header "R006".)
 (%%WARNING. Coefficient info mismatch reading from header 'R006')
   [See Section 22.4 of the GEMPACK Manual, "Checking set and element
    information when reading data".][TopicID:gpd3.4.4]
  Assertion "V1BAS >=0"
  Assertion "V2BAS >=0"
  Assertion "V3BAS >=0"
  Assertion "V4BAS >=0"
  Assertion "V5BAS >=0"
  Assertion "V1MAR >=0"
  Assertion "V2MAR >=0"
  Assertion "V3MAR >=0"
  Assertion "V4MAR >=0"
  Assertion "V5MAR >=0"
  Assertion "V1CAP >=0"
  Assertion "V1LAB >=0"
  Assertion "V1LND >=0"
  Assertion "MAKE >=0"
  Assertion "SIGMA1LAB >=0"
  Assertion "SIGMA1PRIM >=0"
  Assertion "SIGMA1 >=0"
  Assertion "SIGMA1OUT >=0"
  Assertion "SIGMA2 >=0"
  Assertion "SIGMA3 >=0"
  Assertion "EPS >=0"
  Assertion "IsIndivExp >=0"
  Assertion "IsLocCom >=0"
  Assertion "R001 >=0"
  Assertion "R002 >=0"
  Assertion "R003 >=0"
  Assertion "R004 >=0"
  Assertion "R005 >=0"
  Assertion "R006 >=0"
  Assertion "R001 <=1"
  Assertion "R002 <=1"
  Assertion "R003 <=1"
  Assertion "R004 <=1"
  Assertion "R005 <=1"
  Assertion "R006 <=1"
  Formula for 'TINY'
  Formula for 'TINY'
  Formula for 'TINY'
 (Opened, for writing, header file 'dginit.har'.)
 Writing 'TINY'
 (Written real array, size 1, header "TINY".)
  Formula for 'V1PUR'
  Formula for 'V2PUR'
  Formula for 'V3PUR'
  Formula for 'V4PUR'
  Formula for 'V5PUR'
  Formula for 'V1LAB_O'
  Formula for 'V1PRIM'
  Formula for 'V1PUR_S'
  Formula for 'V1MAT'
  Formula for 'V1CST'
  Formula for 'V1TOT'
  Formula for 'PTXRATE'
 Writing 'PTXRATE'
 (Written real array, size 30, header "PTXR".)
  Formula for 'MAKE_C'
  Formula for 'MAKE_I'
  Formula for 'V2PUR_S'
  Formula for 'V2TOT'
  Formula for 'V3PUR_S'
  Formula for 'V3TOT'
  Formula for 'S3_S'
  Formula for 'EPSTOT'
  Formula for 'EPS'
 Writing 'S3_S'
 (Written real array, size 30, header "CSHR".)
 Writing elements of set 'TRADEXP'
   (25 character strings, each of length 12 written. Header 'TEXP')
 Writing elements of set 'NTRADEXP'
   (5 character strings, each of length 12 written. Header 'NTXP')
  Formula for 'MARSALES'
  Formula for 'MARSALES'
  Formula for 'SALE'
  Formula for 'SALE'
  Formula for 'SALE'
  Formula for 'SALE'
  Formula for 'SALE'
  Formula for 'SALE'
  Formula for 'SALE'
  Formula for 'SALE'
  Formula for 'SALE'
 Writing 'SALE'
 (Written real array, size 30x2x7, header "SALE".)
  Formula for 'V0IMP'
  Formula for 'SALES'
  Formula for 'DOMSALES'
  Formula for 'V1TAX_CSI'
  Formula for 'V2TAX_CSI'
  Formula for 'V3TAX_CS'
  Formula for 'V4TAX_C'
  Formula for 'V5TAX_CS'
  Formula for 'V0TAR_C'
  Formula for 'V1CAP_I'
  Formula for 'V1LAB_IO'
  Formula for 'V1LND_I'
  Formula for 'V1PTX_I'
  Formula for 'V1OCT_I'
  Formula for 'V1PRIM_I'
  Formula for 'V0TAX_CSI'
  Formula for 'V0GDPINC'
 Writing 'V0GDPINC'
 (Written real array, size 1, header "GINC".)
  Formula for 'V0CIF'
  Formula for 'V0CIF_C'
  Formula for 'V0IMP_C'
  Formula for 'V2TOT_I'
  Formula for 'V4TOT'
  Formula for 'V5TOT'
  Formula for 'V6TOT'
  Formula for 'V0GNE'
  Formula for 'V0GDPEXP'
 Writing 'V0GDPEXP'
 (Written real array, size 1, header "GEXP".)
 Writing 'V0IMP_C'
 (Written real array, size 1, header "VIMP".)
  Formula for 'DIFFIND'
  Formula for 'DIFFCOM'
 Writing 'DIFFIND'
 (Written real array, size 30, header "DIND".)
 Writing 'DIFFCOM'
 (Written real array, size 30, header "DCOM".)
 Writing 'EPSTOT'
 (Written real array, size 1, header "ETOT".)
 Writing 'MAKE'
 (Written real array, size 30x30, header "MAKE".)
 Writing 'V1TOT'
 (Written real array, size 30, header "1TOT".)
 Writing 'SALES'
 (Written real array, size 30, header "SLES".)
  Assertion "V1TOT>0"
  Assertion "SALES>0"
  Assertion "(STOCKS/SALES) <95%"
  Formula for 'DIFFIND'
  Formula for 'DIFFCOM'
 Writing 'DIFFIND'
 (Written real array, size 30, header "SIND".)
 Writing 'DIFFCOM'
 (Written real array, size 30, header "SCOM".)
  Assertion "DIFFIND = V1TOT-MAKE_C = tiny"
  Assertion "DIFFCOM = SALES-MAKE_I = tiny"
  Assertion "Average Engel elasticity = 1"
  Formula for 'EXPGDP'
  Formula for 'EXPGDP'
  Formula for 'EXPGDP'
  Formula for 'EXPGDP'
  Formula for 'EXPGDP'
  Formula for 'EXPGDP'
 Writing 'EXPGDP'
 (Written real array, size 6, header "EMAC".)
  Formula for 'INCGDP'
  Formula for 'INCGDP'
  Formula for 'INCGDP'
  Formula for 'INCGDP'
 Writing 'INCGDP'
 (Written real array, size 4, header "IMAC".)
  Formula for 'TAX'
  Formula for 'TAX'
  Formula for 'TAX'
  Formula for 'TAX'
  Formula for 'TAX'
  Formula for 'TAX'
  Formula for 'TAX'
  Formula for 'TAX'
 Writing 'TAX'
 (Written real array, size 8, header "TMAC".)
  Formula for 'COSTMAT'
  Formula for 'COSTMAT'
  Formula for 'COSTMAT'
  Formula for 'COSTMAT'
  Formula for 'COSTMAT'
  Formula for 'COSTMAT'
  Formula for 'COSTMAT'
  Formula for 'COSTMAT'
  Formula for 'COSTMAT'
 Writing 'COSTMAT'
 (Written real array, size 30x9, header "CSTM".)
  Formula for 'SALEMAT2'
  Formula for 'SALEMAT2'
  Formula for 'SALEMAT2'
  Formula for 'SALEMAT2'
  Formula for 'SALEMAT2'
  Formula for 'SALEMAT2'
  Formula for 'SALEMAT2'
  Formula for 'SALEMAT2'
  Formula for 'SALEMAT2'
  Formula for 'SALEMAT2'
  Formula for 'SALEMAT2'
  Formula for 'SALEMAT2'
  Formula for 'SALEMAT2'
  Formula for 'SALEMAT2'
  Formula for 'SALEMAT2'
  Formula for 'SALEMAT2'
  Formula for 'SALEMAT2'
 Writing 'SALEMAT2'
 (Written real array, size 30x3x2x6, header "MKUP".)
  Formula for 'IMPSHR'
 Writing 'IMPSHR'
 (Written real array, size 30, header "MSHR".)
  Formula for 'SUPPLYELAST'
   < Number of NONZERO DIVIDED BY ZERO operations was 1. >
    < Default value used was 999.00000. >
 Writing 'SUPPLYELAST'
 (Written real array, size 30, header "SRSE".)
  Formula for 'FACTOR'
  Formula for 'FACTOR'
  Formula for 'FACTOR'
 Writing 'FACTOR'
 (Written real array, size 30x3, header "FACT".)
  Formula for 'V1PUR_SI'
  Formula for 'V2PUR_SI'
  Formula for 'V5PUR_S'
  Formula for 'V6BAS_S'
 Writing 'V4PUR'
 (Written real array, size 30, header "4PUR".)
 Writing 'V1LAB_O'
 (Written real array, size 30, header "LAB1".)
 Writing 'V1PRIM'
 (Written real array, size 30, header "VLAD".)
 Writing 'V1PUR_SI'
 (Written real array, size 30, header "1PUR".)
 Writing 'V2PUR_SI'
 (Written real array, size 30, header "2PUR".)
 Writing 'V3PUR_S'
 (Written real array, size 30, header "3PUR".)
  Formula for 'TARFRATE'
  Formula for 'TARFRATE'
 Writing 'TARFRATE'
 (Written real array, size 30, header "TRAT".)
 Writing 'V0TAR'
 (Written real array, size 30, header "0TAR".)
 Writing 'V0CIF'
 (Written real array, size 30, header "0CIF".)
 Writing 'V0IMP'
 (Written real array, size 30, header "0IMP".)
 Writing 'V1CAP'
 (Written real array, size 30, header "1CAP".)
 Writing 'V6BAS_S'
 (Written real array, size 30, header "6BSS".)
 Writing 'V2TOT'
 (Written real array, size 30, header "2TOT".)
 Writing 'V5PUR_S'
 (Written real array, size 30, header "5PUR".)
  Assertion "V0CIF>0 if V0TAR<>0"
 Writing elements of set 'LOCIND'
   (0 character strings, each of length 12 written. Header 'LOCI')
 Writing elements of set 'LOCCOM'
   (0 character strings, each of length 12 written. Header 'LOCC')
  Formula for 'REGV1LAB_O'
  Formula for 'REGV1LAB_IO'
  Formula for 'REGINCSHR'
 Writing 'REGV1LAB_IO'
 (Written real array, size 19, header "RV1L".)
 Writing 'REGINCSHR'
 (Written real array, size 19, header "RISR".)
 Writing 'R001'
 (Written real array, size 30x19, header "R001".)
 Writing 'R002'
 (Written real array, size 30x19, header "R002".)
 Writing 'R003'
 (Written real array, size 30x19, header "R003".)
 Writing 'R004'
 (Written real array, size 30x19, header "R004".)
 Writing 'R005'
 (Written real array, size 30x19, header "R005".)
 Writing 'R006'
 (Written real array, size 30x19, header "R006".)
  Assertion "Sum-over-REG R001 = 1"
  Assertion "Sum-over-REG R002 = 1"
  Assertion "Sum-over-REG R003 = 1"
  Assertion "Sum-over-REG R004 = 1"
  Assertion "Sum-over-REG R005 = 1"
  Assertion "Sum-over-REG R006 = 1"
  Formula for 'TOTSUPREG'
  Formula for 'TOTDEMREG'
  Formula for 'TOTDEMREG'
  Formula for 'DEMRATIO'
  Formula for 'DEMRATIO'
 Writing 'TOTSUPREG'
 (Written real array, size 30x19, header "TSPR".)
 Writing 'TOTDEMREG'
 (Written real array, size 30x19, header "TDMR".)
 Writing 'DEMRATIO'
 (Written real array, size 30x19, header "DMRT".)
  Formula for 'REGV1PRIM'
  Formula for 'REGV1PRIM_I'
  Formula for 'R00PRIM'
 Writing 'R00PRIM'
 (Written real array, size 30x19, header "RSRP".)
 Writing 'REGV1PRIM'
 (Written real array, size 30x19, header "RV1P".)
  Formula for 'TOTIMPREG'
  Formula for 'TOTIMP'
  Formula for 'REGIMPSHR'
  Formula for 'IMPTOT'
  Formula for 'REGIMPSHR'
 Writing 'TOTIMPREG'
 (Written real array, size 30x19, header "TIMR".)
  Formula for 'MSHR'
  Formula for 'MSHR'
 (Opened, for writing, header file 'dumsupp.har'.)
 Writing 'MSHR'
 (Written real array, size 30x19, header "MSHR".)
 (Opened, for writing, header file 'init.har'.)
 Writing 'V1BAS'
 (Written real array, size 30x2x30, header "1BAS".)
 Writing 'V2BAS'
 (Written real array, size 30x2x30, header "2BAS".)
 Writing 'V3BAS'
 (Written real array, size 30x2, header "3BAS".)
 Writing 'V4BAS'
 (Written real array, size 30, header "4BAS".)
 Writing 'V5BAS'
 (Written real array, size 30x2, header "5BAS".)
 Writing 'V6BAS'
 (Written real array, size 30x2, header "6BAS".)
 Writing 'V1MAR'
 (Written real array, size 30x2x30x2, header "1MAR".)
 Writing 'V2MAR'
 (Written real array, size 30x2x30x2, header "2MAR".)
 Writing 'V3MAR'
 (Written real array, size 30x2x2, header "3MAR".)
 Writing 'V4MAR'
 (Written real array, size 30x2, header "4MAR".)
 Writing 'V5MAR'
 (Written real array, size 30x2x2, header "5MAR".)
 Writing 'V1TAX'
 (Written real array, size 30x2x30, header "1TAX".)
 Writing 'V2TAX'
 (Written real array, size 30x2x30, header "2TAX".)
 Writing 'V3TAX'
 (Written real array, size 30x2, header "3TAX".)
 Writing 'V4TAX'
 (Written real array, size 30, header "4TAX".)
 Writing 'V5TAX'
 (Written real array, size 30x2, header "5TAX".)
 Writing 'V1CAP'
 (Written real array, size 30, header "1CAP".)
 Writing 'V1LAB'
 (Written real array, size 30x59, header "1LAB".)
 Writing 'V1LND'
 (Written real array, size 30, header "1LND".)
 Writing 'V1PTX'
 (Written real array, size 30, header "1PTX".)
 Writing 'V1OCT'
 (Written real array, size 30, header "1OCT".)
 Writing 'MAKE'
 (Written real array, size 30x30, header "MAKE".)
 Writing 'V0TAR'
 (Written real array, size 30, header "0TAR".)
 Writing 'SIGMA1LAB'
 (Written real array, size 30, header "SLAB".)
 Writing 'SIGMA1PRIM'
 (Written real array, size 30, header "P028".)
 Writing 'SIGMA1'
 (Written real array, size 30, header "1ARM".)
 Writing 'SIGMA1OUT'
 (Written real array, size 30, header "SCET".)
 Writing 'SIGMA2'
 (Written real array, size 30, header "2ARM".)
 Writing 'SIGMA3'
 (Written real array, size 30, header "3ARM".)
 Writing 'FRISCH'
 (Written real array, size 1, header "P021".)
 Writing 'EPS'
 (Written real array, size 30, header "XPEL".)
 Writing 'EXP_ELAST'
 (Written real array, size 30, header "P018".)
 Writing 'EXP_ELAST_NT'
 (Written real array, size 1, header "EXNT".)
 Writing 'ISINDIVEXP'
 (Written real array, size 30, header "ITEX".)
 Writing 'ISLOCCOM'
 (Written real array, size 30, header "LCOM".)
 Writing 'R001'
 (Written real array, size 30x19, header "R001".)
 Writing 'R002'
 (Written real array, size 30x19, header "R002".)
 Writing 'R003'
 (Written real array, size 30x19, header "R003".)
 Writing 'R004'
 (Written real array, size 30x19, header "R004".)
 Writing 'R005'
 (Written real array, size 30x19, header "R005".)
  Formula for 'DEFREGSHR'
  Formula for 'TEMTOT'
  Formula for 'DEFREGSHR'
  Formula for 'DISTANCE'
 (Opened, for writing, header file 'dumsupp.har'.)
 Writing 'DISTANCE'
 (Written real array, size 19x19, header "DIST".)
  Formula for 'DISTFAC'
 Writing 'DISTFAC'
 (Written real array, size 30x2, header "DFAC".)
  Formula for 'MARWGT'
 Writing 'MARWGT'
 (Written real array, size 19x2, header "MWGT".)
 Writing elements of set 'DMAR'
   (1 character strings, each of length 12 written. Header 'DMAR')
  Formula for 'LOCMAR'
 Writing 'LOCMAR'
 (Written real array, size 2, header "LMAR".)
  Formula for 'RPOP'
 Writing 'RPOP'
 (Written real array, size 19, header "PO01".)
  Formula for 'SIGMADOMDOM'
 Writing 'SIGMADOMDOM'
 (Written real array, size 30, header "SGDD".)
  Formula for 'SIGMAMAR'
 Writing 'SIGMAMAR'
 (Written real array, size 2, header "SMAR".)
 Writing elements of set 'RLOC'
   (0 character strings, each of length 12 written. Header 'RLOC')
 (Opened, for writing, header file 'dumreg.agg'.)
 Writing elements of set 'AGGREG'
   (19 character strings, each of length 12 written. Header 'AREG')
  Formula for 'MAPREG'
 Writing 'MAPREG'
   (19 character strings, each of length 12 written. Header 'MREG')
 (Opened, for writing, header file 'dumsec.agg'.)
 Writing elements of set 'AGGCOM'
   (10 character strings, each of length 12 written. Header 'ACOM')
  Formula for 'MPC'
  Formula for 'MAPCOM'
 Writing 'MAPCOM'
   (30 character strings, each of length 12 written. Header 'MCOM')
 Writing elements of set 'AGGIND'
   (10 character strings, each of length 12 written. Header 'AIND')
  Formula for 'MPI'
  Formula for 'MAPIND'
 Writing 'MAPIND'
   (30 character strings, each of length 12 written. Header 'MIND')
 [CPU for reads, formulas etc is 0.0000000 seconds.]
 Elapsed time for reads, formulas etc is: less than one second.
 [CPU for all of this 0-step calculation is 0.0000000 seconds.]
 Elapsed time for all this 0-step calculation is: less than one second.
  [Total CPU is 1.55999996E-02 seconds.]
  
  (Inputs have been taken from the Command file
  'C:\Users\jllg\FINAGE_database_notebook\FINAL\TERM\init.cmf')
  
  (The program has completed without error.)
  (There were         8 warnings.)
  (If you have a LOG file, search for '%%W' to see them.)
  (The last was:
   'Check-on-read warning')
  Total elapsed time is: less than one second.
  
  
  This run ended at 14:42:25 on 22-AUG-2018
