 
 This GEMPACK log file was created at 14:42:39 on 22-AUG-2018 by the program
  <premod.for 02-AUG-2018 (a TABLO-generated program)>
 which accesses some of the routines in the GEMPACK software release
  <GEMPACK Release 11.4.004   October 2016>
 
 
 <premod.for 02-AUG-2018 (a TABLO-generated program)>
   This program accesses some of the routines in the GEMPACK software release
 <GEMPACK Release 11.4.004   October 2016>
 
 Licence file: C:\GP\licen.gem
 
     -------------------------------------------------------
    !            GEMPACK Software System Licence            !
    !  Source Code Licence for the GEMPACK Software System  !
    !                 Licence No.  GFM-1529                 !
    !          Licence for Release 11.4 of GEMPACK          !
    !       National Institute for Health and Welfare       !
    !    (Your GEMPACK licence expires on 30-NOV-2018.)     !
     -------------------------------------------------------
 
 
     << COPYRIGHT 1987-2016: CoPS/Impact and KPSOFT >>
 
  Current directory is: C:\Users\jllg\FINAGE_database_notebook\FINAL\TERM
 
 
  Full path name of running EXE is:
 C:\Users\jllg\FINAGE_database_notebook\FINAL\TERM\premod.exe
  Fortran compiler = GF64  4.8.1 (rev3, built by mingw-builds project):
  OPENMP number of threads: 4
  Operating system is Windows 7
 
 
  ++++++++++++++++++++++++++++++++++++++++++++++++++++++++++++
 
 
                    TABLO-GENERATED PROGRAM OPTIONS
               ( --> indicates those in effect )
 
       BAT Run in batch              STI Take inputs from a Stored-input file
       BPR Brief prompts             SIF Store inputs on a file
       LOG Output to log file        ASI Add to incomplete Stored-input file
                                     CMF Take inputs from a Command file
       EAA Echo all activity           SVX Select variables on XAC file (later)
   --> CPU Report CPU times            RQF Required figures agreement (extrap)
       NRP Don't reuse pivots        NIR Don't do solution iterative refinement
                                 --> IZ1 Ignore zero coefficients in step 1
                                     KZ2 Keep zero coefficients in steps 2,3 etc
       NEQ Do no equations           NWE Don't warn how well equations solved
       NDS Do no displays            SSI Several subintervals; extrap after each
       NWR Do no writes              M28 Use MA28 routines (rather than MA48)
       NAS Do no assertions          SUI Save updated formula(initial) data
       NUD Do no final updates              Extra Options Screen
       NSM Don't do simulation              --------------------
       NWT Use Newton's method      DTO Display, Terminal/Text write Options
       CR  Check-on-read options
 
  Select an option   :  <opt>      Deselect an option      : -<opt>
  Help for an option : ?<opt>      Help on all options     : ??
  Redisplay options  : /           Finish option selection : Carriage return
 
 (Opened, as text, existing file 'premod.cmf'.)
  (Taking inputs from a command file.)
 (Opened, as text, existing file 'premod.cmf'.)
 
  !  (There is no CREATION information on this file.)
 
 
  --> Reading the Command file.
 
 auxiliary files = premod;
 ! Input files
 File INFILE =  pstras.HAR;
 File REGSUPP = regsupp.har;
 File ELAST   = natelast.har; ! from Reg0
 ! Output files
 File OUTFILE = premod.HAR;
 File NEWSETS = ORGSETS.HAR; ! used by PreAgg
 File WEIGHTS = WEIGHTS.HAR; ! used by PreAgg
 File DIAG    = dgpremod.HAR;
 log file = yes ;
 check-on-read all = no ;
 
 
 
  (Finished reading the command file.)
 
  Auxiliary Statement File
  ------------------------
 (Opened, as binary, existing file
   'C:\Users\jllg\FINAGE_database_notebook\FINAL\TERM\premod.axs'.)
 
  Auxiliary Table File
  --------------------
 (Opened, as binary, existing file
   'C:\Users\jllg\FINAGE_database_notebook\FINAL\TERM\premod.axt'.)
 
  !  This file was created at 12:52:16 on 02-AUG-2018 by the program
  !    <TABLO  Version 6.5   January 2016>
  !  which accesses some of the routines in the GEMPACK software release
  !    <GEMPACK Release 11.4.004   October 2016>
  !  [The program which created this file was compiled with GF64.]
 
 [Auxiliary Table File was created by TABLO at 12:52:16 on 02-AUG-2018.]
 [TABLO file used here is "premod.tab".]
 [No TABLO STI file used when TABLO was run.]
 
  (Writing output to log file, and also to the terminal.)
 (Opened new text file 'premod.log'.)
 [This TG-program was created by TABLO at 12:52:16 on 02-AUG-2018.]
  
  [Starting to check "extra" statements on the Command file.]
  
  
  [Finished checking "extra" statements on the Command file.]
  
  
 ++++++++++++++++++++++++++++++++++++++++++++++++++
  This program was written by the GEMPACK program TABLO
  as described in the Information file
  'premod.inf'
  
  This run of the TABLO-generated program
      o can carry out 52 WRITEs
      o can check 11 ASSERTIONs
      o can carry out 1 TRANSFERs
  
 ++++++++++++++++++++++++++++++++++++++++++++++++++
 (Range test of initial values will produce warnings.)
  
  (Data file with logical name 'INFILE')
 (Opened, as header, existing file 'pstras.HAR'.)
  
  !  This file was created at 14:42:39 on 22-AUG-2018 by the program
  !    <pstras.for 02-AUG-2018> [pstras.tab]
  !  which accesses some of the routines in the GEMPACK software release
  !    <GEMPACK Release 11.4.004   October 2016>
  !  [The program which created this file was compiled with GF64.]
  
  
  (Data file with logical name 'REGSUPP')
 (Opened, as header, existing file 'regsupp.har'.)
  
  !  (There is no CREATION information on this file.)
  
  
  (Data file with logical name 'ELAST')
 (Opened, as header, existing file 'natelast.har'.)
  
  !  This file was created at 14:42:26 on 22-AUG-2018 by the program
  !    <reg0.for 02-AUG-2018> [reg0.tab]
  !  which accesses some of the routines in the GEMPACK software release
  !    <GEMPACK Release 11.4.004   October 2016>
  !  [The program which created this file was compiled with GF64.]
  
  
  (Data file with logical name 'DIAG')
  
   (Existing file 'dgpremod.HAR' has been deleted.)
 (Opened new header file 'dgpremod.HAR'.)
  
  (Data file with logical name 'NEWSETS')
  
   (Existing file 'ORGSETS.HAR' has been deleted.)
 (Opened new header file 'ORGSETS.HAR'.)
  
  (Data file with logical name 'OUTFILE')
  
   (Existing file 'premod.HAR' has been deleted.)
 (Opened new header file 'premod.HAR'.)
  
  (Data file with logical name 'WEIGHTS')
  
   (Existing file 'WEIGHTS.HAR' has been deleted.)
 (Opened new header file 'WEIGHTS.HAR'.)
  
  --->  Beginning the preliminary pass (aimed at sets and subsets).
 Set 'COM'
 (Opened, as header, existing file 'pstras.HAR'.)
   (30 character strings, each of length 12 read. Header 'COM ')
   [Set has size 30.]
 Set 'MAR'
   (2 character strings, each of length 12 read. Header 'MAR ')
   [Set has size 2.]
 Set 'IND'
   (30 character strings, each of length 12 read. Header 'IND ')
   [Set has size 30.]
 Set 'OCC'
   (59 character strings, each of length 12 read. Header 'OCC ')
   [Set has size 59.]
 Set 'DST'
   (19 character strings, each of length 12 read. Header 'REGD')
   [Set has size 19.]
 Set 'ORG'
   (19 character strings, each of length 12 read. Header 'REGS')
   [Set has size 19.]
 Set 'PRD'
   (19 character strings, each of length 12 read. Header 'REGP')
   [Set has size 19.]
 Set 'FINDEM'
   [Set has size 4.]
 'MAR' as a subset of 'COM'
 Set 'NONMAR'
   [Set has size 28.]
 'NONMAR' as a subset of 'COM'
 Set 'SRC'
   [Set has size 2.]
 Set 'USR'
   [Set has size 34.]
 'IND' as a subset of 'USR'
 'FINDEM' as a subset of 'USR'
 Set 'REG'
   [Set has size 19.]
 'REG' as a subset of 'DST'
 'REG' as a subset of 'ORG'
 'REG' as a subset of 'PRD'
 Set 'S@Hou'
   [Set has size 1.]
 'S@Hou' as a subset of 'USR'
 Set 'S@exp'
   [Set has size 1.]
 'S@exp' as a subset of 'USR'
 [CPU for reads, formulas etc is 0.0000000 seconds.]
 Elapsed time for reads, formulas etc is: less than one second.
  
  Total memory currently used for all arrays is approximately 1.07 megabytes.
  [Add about 5-10 megabytes for the memory used by the code.]
  
  --->  Beginning the reads, formulas (etc).
 (Opened, for writing, header file 'ORGSETS.HAR'.)
 Writing elements of set 'COM'
   (30 character strings, each of length 12 written. Header 'COM ')
 Writing elements of set 'MAR'
   (2 character strings, each of length 12 written. Header 'MAR ')
 Writing elements of set 'IND'
   (30 character strings, each of length 12 written. Header 'IND ')
 Writing elements of set 'OCC'
   (59 character strings, each of length 12 written. Header 'OCC ')
 Writing elements of set 'DST'
   (19 character strings, each of length 12 written. Header 'REGD')
 Writing elements of set 'ORG'
   (19 character strings, each of length 12 written. Header 'REGS')
 Writing elements of set 'PRD'
   (19 character strings, each of length 12 written. Header 'REGP')
 (Opened, as header, existing file 'pstras.HAR'.)
 Reading 'MAKE'
 (Read real array, size 30x30x19, header "MAKE".)
 Reading 'USE'
 (Read real array, size 30x2x34x19, header "BSMR".)
 Reading 'TAXES'
 (Read real array, size 30x2x34x19, header "UTAX".)
 Reading 'TRADE'
 (Read real array, size 30x2x19x19, header "TRAD".)
 Reading 'SUPPMAR'
 (Read real array, size 2x19x19x19, header "MARS".)
 Reading 'TRADMAR'
 (Read real array, size 30x2x2x19x19, header "TMAR".)
 Reading 'INVEST'
 (Read real array, size 30x30x19, header "2PUR".)
 Reading 'STOCKS'
 (Read real array, size 30x19, header "STOK".)
 Reading 'V1LAB'
 (Read real array, size 30x59x19, header "1LAB".)
 Reading 'V1CAP'
 (Read real array, size 30x19, header "1CAP".)
 Reading 'V1LND'
 (Read real array, size 30x19, header "1LND".)
 Reading 'V1PTX'
 (Read real array, size 30x19, header "1PTX".)
 (Opened, as header, existing file 'natelast.har'.)
 Reading 'SIGMA1LAB'
 (Read real array, size 30, header "SLAB".)
 Reading 'SIGMA1PRIM'
 (Read real array, size 30, header "P028".)
  Assertion "MAKE>=0"
  Assertion "USE>=0"
  Assertion "TRADE>=0"
  Assertion "INVEST>=0"
  Assertion "SUPPMAR>=0"
  Assertion "TRADMAR>=0"
  Assertion "V1LAB>=0"
  Assertion "V1CAP>=0"
  Assertion "V1LND>=0"
  Assertion "SIGMA1LAB>=0"
  Assertion "SIGMA1PRIM>=0"
  Formula for 'V1LAB_O'
  Formula for 'V1PRIM'
  Formula for 'USRPUR'
  Formula for 'V3PUR_S'
  Formula for 'COSTS'
  Formula for 'NATCOSTS'
  Formula for 'MAKE_C'
  Formula for 'DIFFIND'
 (Opened, for writing, header file 'dgpremod.HAR'.)
 Writing 'COSTS'
 (Written real array, size 30x19, header "COST".)
 Writing 'MAKE_C'
 (Written real array, size 30x19, header "MAKC".)
 Writing 'DIFFIND'
 (Written real array, size 30x19, header "DIND".)
  Formula for 'IMPORT'
  Formula for 'NATIMP'
  Formula for 'MAKE_I'
  Formula for 'MAKE_I'
  Formula for 'TEMTOTcsd'
 Writing 'TEMTOTcsd'
 (Written real array, size 30x2x19, header "CHK1".)
  Formula for 'TEMTOTcr'
 Writing 'TEMTOTcr'
 (Written real array, size 30x19, header "CHK3".)
  Formula for 'TEMTOTcr'
  Formula for 'TEMTOTcr'
 Writing 'TEMTOTcr'
 (Written real array, size 30x19, header "CHK4".)
  Formula for 'TRADMAR_CS'
  Formula for 'TEMTOTmrd'
 Writing 'TEMTOTmrd'
 (Written real array, size 2x19x19, header "CHK5".)
 Reading 'NATEPS'
 (Read real array, size 30, header "XPEL".)
  Formula for 'EPS'
  Formula for 'V3TOT'
  Formula for 'EPSTOT'
  Formula for 'EPS'
 (Opened, for writing, header file 'premod.HAR'.)
 Writing elements of set 'COM'
   (30 character strings, each of length 12 written. Header 'COM ')
 Writing elements of set 'MAR'
   (2 character strings, each of length 12 written. Header 'MAR ')
 Writing elements of set 'IND'
   (30 character strings, each of length 12 written. Header 'IND ')
 Writing elements of set 'OCC'
   (59 character strings, each of length 12 written. Header 'OCC ')
 Writing elements of set 'DST'
   (19 character strings, each of length 12 written. Header 'REGD')
 Writing elements of set 'ORG'
   (19 character strings, each of length 12 written. Header 'REGS')
 Writing elements of set 'PRD'
   (19 character strings, each of length 12 written. Header 'REGP')
 Writing 'MAKE'
 (Written real array, size 30x30x19, header "MAKE".)
 Writing 'USE'
 (Written real array, size 30x2x34x19, header "BSMR".)
 Writing 'TAXES'
 (Written real array, size 30x2x34x19, header "UTAX".)
 Writing 'TRADE'
 (Written real array, size 30x2x19x19, header "TRAD".)
 Writing 'SUPPMAR'
 (Written real array, size 2x19x19x19, header "MARS".)
 Writing 'TRADMAR'
 (Written real array, size 30x2x2x19x19, header "TMAR".)
 Writing 'INVEST'
 (Written real array, size 30x30x19, header "2PUR".)
 Writing 'STOCKS'
 (Written real array, size 30x19, header "STOK".)
 Writing 'V1LAB'
 (Written real array, size 30x59x19, header "1LAB".)
 Writing 'V1CAP'
 (Written real array, size 30x19, header "1CAP".)
 Writing 'V1LND'
 (Written real array, size 30x19, header "1LND".)
 Writing 'V1PTX'
 (Written real array, size 30x19, header "1PTX".)
 Writing 'SIGMA1LAB'
 (Written real array, size 30, header "SLAB".)
 Writing 'SIGMA1PRIM'
 (Written real array, size 30, header "P028".)
 Transferring "P015" from file 'ELAST' to file 'OUTFILE'
 (Written real array, size 30, header "P015".)
 (Opened, for writing, header file 'premod.HAR'.)
 (Opened, as header, existing file 'regsupp.har'.)
 Reading 'SIGMADOMDOM'
 (Read real array, size 30, header "SGDD".)
 Reading 'SIGMAMAR'
 (Read real array, size 2, header "SMAR".)
 Reading 'POP'
 (Read real array, size 19, header "PO01".)
 Writing 'SIGMADOMDOM'
 (Written real array, size 30, header "SGDD".)
 Writing 'SIGMAMAR'
 (Written real array, size 2, header "SMAR".)
 Writing 'POP'
 (Written real array, size 19, header "PO01".)
 (Opened, as header, existing file 'natelast.har'.)
 Reading 'NATFRISCH'
 (Read real array, size 1, header "P021".)
  Formula for 'FRISCH'
 Writing 'FRISCH'
 (Written real array, size 19, header "P021".)
 Writing 'EPS'
 (Written real array, size 30x19, header "XPEL".)
 Reading 'SIGMAOUT'
 (Read real array, size 30, header "SCET".)
 Writing 'SIGMAOUT'
 (Written real array, size 30, header "SCET".)
 Reading 'EXP_ELAST'
 (Read real array, size 30, header "P018".)
 Writing 'EXP_ELAST'
 (Written real array, size 30, header "P018".)
  Formula for 'NATV1PRIM'
  Formula for 'NATV1LAB_O'
  Formula for 'NATV1CAP'
  Formula for 'SALE'
  Formula for 'MARUSE'
  Formula for 'NATEXPORT'
 (Opened, for writing, header file 'WEIGHTS.HAR'.)
 Writing 'V3PUR_S'
 (Written real array, size 30x19, header "3PUR".)
 Writing 'NATV1PRIM'
 (Written real array, size 30, header "1PRM".)
 Writing 'NATV1LAB_O'
 (Written real array, size 30, header "LABR".)
 Writing 'NATIMP'
 (Written real array, size 30, header "NIMP".)
 Writing 'NATV1CAP'
 (Written real array, size 30, header "NCAP".)
 Writing 'V3TOT'
 (Written real array, size 19, header "3TOT".)
 Writing 'SALE'
 (Written real array, size 30, header "WSGD".)
 Writing 'MARUSE'
 (Written real array, size 2, header "MRUS".)
 Writing 'NATCOSTS'
 (Written real array, size 30, header "1TOT".)
 Writing 'NATEXPORT'
 (Written real array, size 30, header "4TOT".)
 [CPU for reads, formulas etc is 3.11999992E-02 seconds.]
 Elapsed time for reads, formulas etc is: less than one second.
 [CPU for all of this 0-step calculation is 3.11999992E-02 seconds.]
 Elapsed time for all this 0-step calculation is:  1 seconds.
  [Total CPU is 4.67999987E-02 seconds.]
  
  (Inputs have been taken from the Command file
  'C:\Users\jllg\FINAGE_database_notebook\FINAL\TERM\premod.cmf')
  
  (The program has completed without error.)
  Total elapsed time is:  1 seconds.
  
  
  This run ended at 14:42:40 on 22-AUG-2018
